kotlin version: 2.0.20
error message: java.lang.OutOfMemoryError: Java heap space
	at kotlin.io.FilesKt__FileReadWriteKt.readBytes(FileReadWrite.kt:74)
	at org.jetbrains.kotlin.library.impl.ReadBuffer$WeakFileBuffer.ensureBuffer(ReadBuffer.kt:83)
	at org.jetbrains.kotlin.library.impl.ReadBuffer$WeakFileBuffer.setPosition(ReadBuffer.kt:75)
	at org.jetbrains.kotlin.library.impl.IrMultiArrayReader.readOffsets(IrFileReaders.kt:74)
	at org.jetbrains.kotlin.library.impl.IrMultiArrayReader.tableItemBytes(IrFileReaders.kt:103)
	at org.jetbrains.kotlin.library.impl.IrMonoliticLibraryImpl.body(KotlinLibraryImpl.kt:114)
	at org.jetbrains.kotlin.library.impl.KotlinLibraryImpl.body(KotlinLibraryImpl.kt)
	at org.jetbrains.kotlin.backend.common.serialization.IrKlibBytesSource.body(IrFileDeserializer.kt:198)
	at org.jetbrains.kotlin.backend.common.serialization.IrLibraryFileFromBytes.statementBody(IrFileDeserializer.kt:184)
	at org.jetbrains.kotlin.backend.common.serialization.IrDeclarationDeserializer.loadStatementBodyProto(IrDeclarationDeserializer.kt:499)
	at org.jetbrains.kotlin.backend.common.serialization.IrDeclarationDeserializer.deserializeStatementBody(IrDeclarationDeserializer.kt:517)
	at org.jetbrains.kotlin.backend.common.serialization.IrDeclarationDeserializer$withDeserializedIrFunctionBase$1$1$1$1.invoke(IrDeclarationDeserializer.kt:548)
	at org.jetbrains.kotlin.backend.common.serialization.IrDeclarationDeserializer$withDeserializedIrFunctionBase$1$1$1$1.invoke(IrDeclarationDeserializer.kt:537)
	at org.jetbrains.kotlin.backend.common.serialization.IrDeclarationDeserializer.withBodyGuard(IrDeclarationDeserializer.kt:480)
	at org.jetbrains.kotlin.backend.common.serialization.IrDeclarationDeserializer.access$withBodyGuard(IrDeclarationDeserializer.kt:64)
	at org.jetbrains.kotlin.backend.common.serialization.IrDeclarationDeserializer.deserializeIrFunction$ir_serialization_common(IrDeclarationDeserializer.kt:1129)
	at org.jetbrains.kotlin.backend.common.serialization.IrDeclarationDeserializer.deserializeDeclaration(IrDeclarationDeserializer.kt:799)
	at org.jetbrains.kotlin.backend.common.serialization.IrDeclarationDeserializer.deserializeDeclaration$default(IrDeclarationDeserializer.kt:793)
	at org.jetbrains.kotlin.backend.common.serialization.IrFileDeserializer.deserializeDeclaration(IrFileDeserializer.kt:41)
	at org.jetbrains.kotlin.backend.common.serialization.FileDeserializationState.deserializeAllFileReachableTopLevel(IrFileDeserializer.kt:141)
	at org.jetbrains.kotlin.backend.common.serialization.BasicIrModuleDeserializer$ModuleDeserializationState.deserializeReachableDeclarations(BasicIrModuleDeserializer.kt:173)
	at org.jetbrains.kotlin.backend.common.serialization.BasicIrModuleDeserializer.deserializeReachableDeclarations(BasicIrModuleDeserializer.kt:141)
	at org.jetbrains.kotlin.backend.common.serialization.KotlinIrLinker.deserializeAllReachableTopLevels(KotlinIrLinker.kt:105)
	at org.jetbrains.kotlin.backend.common.serialization.KotlinIrLinker.findDeserializedDeclarationForSymbol(KotlinIrLinker.kt:116)
	at org.jetbrains.kotlin.backend.common.serialization.KotlinIrLinker.deserializeOrResolveDeclaration(KotlinIrLinker.kt:153)
	at org.jetbrains.kotlin.backend.common.serialization.KotlinIrLinker.getDeclaration(KotlinIrLinker.kt:142)
	at org.jetbrains.kotlin.ir.util.ExternalDependenciesGenerator.generateUnboundSymbolsAsDependencies(ExternalDependenciesGenerator.kt:39)
	at org.jetbrains.kotlin.ir.backend.js.ic.LoadedJsIr.loadUnboundSymbols(JsIrLinkerLoader.kt:80)
	at org.jetbrains.kotlin.ir.backend.js.ic.CacheUpdater.loadIrForDirtyFilesAndInitCompiler(CacheUpdater.kt:746)
	at org.jetbrains.kotlin.ir.backend.js.ic.CacheUpdater.loadIrAndMakeIrFragmentGenerators(CacheUpdater.kt:769)
	at org.jetbrains.kotlin.ir.backend.js.ic.CacheUpdater.actualizeCaches(CacheUpdater.kt:805)
	at org.jetbrains.kotlin.cli.js.K2JsIrCompiler.prepareIcCaches(K2JsIrCompiler.kt:727)


